<?xml version="1.0" encoding="utf-8"?><testsuites name="pytest tests"><testsuite name="pytest" errors="0" failures="0" skipped="0" tests="36" time="2.255" timestamp="2026-09-22T18:28:11.957401+02:00" hostname="DESKTOP-76HKPPA"><testcase classname="tests.unit.test_wp10_tet10_surface_m1" name="test_contract_freezes_consistent_traction_hierarchy" time="0.001" /><testcase classname="tests.unit.test_wp10_tet10_surface_m1" name="test_x1_boundary_load_is_consistent_and_balanced[H1-1]" time="0.010" /><testcase classname="tests.unit.test_wp10_tet10_surface_m1" name="test_x1_boundary_load_is_consistent_and_balanced[H2-2]" time="0.005" /><testcase classname="tests.unit.test_wp10_tet10_surface_m1" name="test_x1_boundary_load_is_consistent_and_balanced[H3-4]" time="0.007" /><testcase classname="tests.unit.test_wp10_tet10_surface_m1" name="test_surface_load_face_discovery_is_unique" time="0.003" /><testcase classname="tests.unit.test_distributed_loads" name="test_json_reader_parses_supported_distributed_loads" time="0.001" /><testcase classname="tests.unit.test_distributed_loads" name="test_json_reader_rejects_invalid_distributed_loads[load0-unsupported]" time="0.001" /><testcase classname="tests.unit.test_distributed_loads" name="test_json_reader_rejects_invalid_distributed_loads[load1-face must be an integer]" time="0.001" /><testcase classname="tests.unit.test_distributed_loads" name="test_json_reader_rejects_invalid_distributed_loads[load2-three finite]" time="0.001" /><testcase classname="tests.unit.test_distributed_loads" name="test_json_reader_rejects_invalid_distributed_loads[load3-from 0 to 3]" time="0.001" /><testcase classname="tests.unit.test_distributed_loads" name="test_json_reader_rejects_invalid_distributed_loads[load4-future]" time="0.001" /><testcase classname="tests.unit.test_distributed_loads" name="test_json_reader_rejects_invalid_distributed_loads[load5-coordinate_system]" time="0.001" /><testcase classname="tests.unit.test_distributed_loads" name="test_json_reader_rejects_invalid_distributed_loads[load6-existing element]" time="0.001" /><testcase classname="tests.unit.test_distributed_loads" name="test_json_reader_rejects_invalid_distributed_loads[load7-coordinate_system]" time="0.001" /><testcase classname="tests.unit.test_distributed_loads" name="test_shell_face_validation_handles_non_scalar_face_cleanly" time="0.002" /><testcase classname="tests.unit.test_distributed_loads" name="test_json_shell_density_enables_gravity_integration" time="0.002" /><testcase classname="tests.unit.test_distributed_loads" name="test_raw_model_parser_rejects_unknown_distributed_load_type" time="0.001" /><testcase classname="tests.unit.test_distributed_loads" name="test_sparse_distributed_load_contribution_matches_dense_contract" time="0.003" /><testcase classname="tests.unit.test_distributed_loads" name="test_tet4_pressure_has_exact_consistent_nodal_forces_and_balance" time="0.002" /><testcase classname="tests.unit.test_distributed_loads" name="test_tet10_pressure_uses_quadratic_consistent_face_distribution" time="0.002" /><testcase classname="tests.unit.test_distributed_loads" name="test_tet10_curved_pressure_preserves_high_order_resultant_and_moment" time="0.002" /><testcase classname="tests.unit.test_distributed_loads" name="test_tet4_local_surface_traction_uses_oriented_face_basis" time="0.002" /><testcase classname="tests.unit.test_distributed_loads" name="test_tet4_volume_loads_conserve_analytical_resultant[load0-expected_nodal0-expected_resultant0]" time="0.001" /><testcase classname="tests.unit.test_distributed_loads" name="test_tet4_volume_loads_conserve_analytical_resultant[load1-expected_nodal1-expected_resultant1]" time="0.001" /><testcase classname="tests.unit.test_distributed_loads" name="test_tet10_gravity_conserves_mass_with_consistent_quadratic_weights" time="0.008" /><testcase classname="tests.unit.test_distributed_loads" name="test_mitc4_gravity_uses_density_area_and_thickness" time="0.001" /><testcase classname="tests.unit.test_distributed_loads" name="test_mitc4_pressure_is_objective_under_rigid_rotation" time="0.001" /><testcase classname="tests.unit.test_distributed_loads" name="test_mitc4_local_surface_traction_follows_element_basis" time="0.001" /><testcase classname="tests.unit.test_distributed_loads" name="test_mitc4_edge_traction_is_consistent_per_unit_length" time="0.001" /><testcase classname="tests.unit.test_distributed_loads" name="test_load_balance_includes_nodal_couples_and_preserves_vector_order" time="0.001" /><testcase classname="tests.unit.test_distributed_loads" name="test_static_load_assembly_does_not_retain_one_global_vector_per_load" time="0.002" /><testcase classname="tests.unit.test_distributed_loads" name="test_mesh_validator_rejects_gravity_without_density_and_follower_pressure" time="0.002" /><testcase classname="tests.unit.test_distributed_loads" name="test_static_solver_exposes_distributed_load_balance_in_solver_and_audit" time="0.115" /><testcase classname="tests.unit.test_distributed_loads" name="test_tet4_body_force_reactions_balance_closed_form_resultant" time="0.087" /><testcase classname="tests.unit.test_distributed_loads" name="test_newmark_uses_distributed_load_vector_and_audits_it" time="0.088" /><testcase classname="tests.unit.test_distributed_loads" name="test_zero_hz_harmonic_pressure_matches_static_solution" time="0.180" /></testsuite></testsuites>